0 silly argv {
0 silly argv   _: [ 'bootstrap' ],
0 silly argv   lernaVersion: '6.6.2',
0 silly argv   '$0': 'node_modules\\lerna\\dist\\cli.js'
0 silly argv }
1 notice cli v6.6.2
2 verbose rootPath C:\Users\alkaline\fortunelabs\v3-dex-perpetual-contracts
3 error JSONError: Unexpected token "]" (0x5D) in JSON at position 307 while parsing near "...\"v2\",\n    \"core\",\n  ],\n  \"files\": [\n    ..." in src\miswap\package.json
3 error
3 error [0m [90m 13 |[39m     [32m"v2"[39m[33m,[39m[0m
3 error [0m [90m 14 |[39m     [32m"core"[39m[33m,[39m[0m
3 error [0m[31m[1m>[22m[39m[90m 15 |[39m   ][33m,[39m[0m
3 error [0m [90m    |[39m   [31m[1m^[22m[39m[0m
3 error [0m [90m 16 |[39m   [32m"files"[39m[33m:[39m [[0m
3 error [0m [90m 17 |[39m     [32m"contracts"[39m[33m,[39m[0m
3 error [0m [90m 18 |[39m     [32m"!contracts/test"[39m[33m,[39m[0m
3 error
3 error     at parseJson (C:\Users\alkaline\fortunelabs\v3-dex-perpetual-contracts\node_modules\parse-json\index.js:29:21)
3 error     at parse (C:\Users\alkaline\fortunelabs\v3-dex-perpetual-contracts\node_modules\load-json-file\index.js:15:9)
3 error     at module.exports (C:\Users\alkaline\fortunelabs\v3-dex-perpetual-contracts\node_modules\load-json-file\index.js:18:47)
